<?xml version="1.0" encoding="UTF-8"?>
<!-- Generated by org.testng.reporters.JUnitXMLReporter -->
<testsuite ignored="11" hostname="DESKTOP-6PNJ0CA" failures="0" tests="3" name="Loans" time="0.082" errors="0" timestamp="2023-02-28T19:08:52 IST">
  <testcase classname="Loans.BikeLoans" name="securedLoan" time="0.009"/>
  <testcase classname="Loans.CarLoans" name="newcarLoan" time="0.002"/>
  <testcase classname="Loans.JcbLoans" name="lightWeight" time="0.002"/>
  <testcase classname="Loans.AnnotationMethod" name="@AfterSuite afs" time="0.0">
    <ignored/>
  </testcase> <!-- @AfterSuite afs -->
  <testcase classname="Loans.AnnotationMethod" name="@AfterSuite afs" time="0.0">
    <ignored/>
  </testcase> <!-- @AfterSuite afs -->
  <testcase classname="Loans.AnnotationMethod" name="@BeforeSuite bfs" time="0.0">
    <ignored/>
  </testcase> <!-- @BeforeSuite bfs -->
  <testcase classname="Loans.AnnotationMethod" name="@BeforeSuite bfs" time="0.0">
    <ignored/>
  </testcase> <!-- @BeforeSuite bfs -->
  <testcase classname="Loans.AnnotationMethod" name="@AfterTest aft" time="0.0">
    <ignored/>
  </testcase> <!-- @AfterTest aft -->
  <testcase classname="Loans.AnnotationMethod" name="@AfterTest aft" time="0.0">
    <ignored/>
  </testcase> <!-- @AfterTest aft -->
  <testcase classname="Loans.JcbLoans" name="heavyWeight" time="0.0">
    <ignored/>
  </testcase> <!-- heavyWeight -->
  <testcase classname="Loans.BikeLoans" name="unsecuredLoans" time="0.0">
    <ignored/>
  </testcase> <!-- unsecuredLoans -->
  <testcase classname="Loans.CarLoans" name="oldcarLoan" time="0.0">
    <ignored/>
  </testcase> <!-- oldcarLoan -->
  <testcase classname="Loans.AnnotationMethod" name="@BeforeTest bft" time="0.0">
    <ignored/>
  </testcase> <!-- @BeforeTest bft -->
  <testcase classname="Loans.AnnotationMethod" name="@BeforeTest bft" time="0.0">
    <ignored/>
  </testcase> <!-- @BeforeTest bft -->
</testsuite> <!-- Loans -->
