<?xml version="1.0" encoding="UTF-8"?>
<!-- Generated by org.testng.reporters.JUnitXMLReporter -->
<testsuite ignored="0" hostname="DESKTOP-6PNJ0CA" failures="0" tests="6" name="Test" time="0.115" errors="0" timestamp="2023-02-28T16:49:46 IST">
  <testcase classname="Loans.BikeLoans" name="securedLoan" time="0.014"/>
  <testcase classname="Loans.BikeLoans" name="unsecuredLoans" time="0.003"/>
  <testcase classname="Loans.JcbLoans" name="heavyWeight" time="0.003"/>
  <testcase classname="Loans.JcbLoans" name="lightWeight" time="0.002"/>
  <testcase classname="Loans.CarLoans" name="newcarLoan" time="0.003"/>
  <testcase classname="Loans.CarLoans" name="oldcarLoan" time="0.003"/>
</testsuite> <!-- Test -->
